<?xml version="1.0" encoding="UTF-8"?>
<!-- Generated by org.testng.reporters.JUnitXMLReporter -->
<testsuite hostname="DESKTOP-NFGNPNE" ignored="2" name="Test" tests="4" failures="0" timestamp="24 Apr 2022 10:19:30 GMT" time="0.08" errors="0">
  <testcase name="tc02" time="0.015" classname="com.testng.ParameterDemo"/>
  <testcase name="tc03" time="0.0" classname="com.testng.ParameterDemo"/>
  <testcase name="tc05" time="0.016" classname="com.testng.ParameterDemo"/>
  <testcase name="tc06" time="0.0" classname="com.testng.ParameterDemo"/>
  <testcase name="tc04" time="0.0" classname="com.testng.ParameterDemo">
    <ignored/>
  </testcase> <!-- tc04 -->
  <testcase name="tc01" time="0.0" classname="com.testng.ParameterDemo">
    <ignored/>
  </testcase> <!-- tc01 -->
</testsuite> <!-- Test -->
